Using NVIDIA GeForce GTX 1080 Ti


 ./data/final/test/IN_CLASS_EXAMPLE.jsonl 


Traceback (most recent call last):
  File "/home/dan/DeepLearning/mini_temporal/generations/generate_predictions.py", line 50, in <module>
    dataset = pd.read_json(f'{dataset_folder}/{args.file}', lines=True)
              ^^^^^^^^^^^^^^^^^^^^^^^^^^^^^^^^^^^^^^^^^^^^^^^^^^^^^^^^^
  File "/home/dan/miniconda3/envs/danEnv/lib/python3.12/site-packages/pandas/io/json/_json.py", line 815, in read_json
    return json_reader.read()
           ^^^^^^^^^^^^^^^^^^
  File "/home/dan/miniconda3/envs/danEnv/lib/python3.12/site-packages/pandas/io/json/_json.py", line 1023, in read
    obj = self._get_object_parser(self._combine_lines(data_lines))
          ^^^^^^^^^^^^^^^^^^^^^^^^^^^^^^^^^^^^^^^^^^^^^^^^^^^^^^^^
  File "/home/dan/miniconda3/envs/danEnv/lib/python3.12/site-packages/pandas/io/json/_json.py", line 1051, in _get_object_parser
    obj = FrameParser(json, **kwargs).parse()
          ^^^^^^^^^^^^^^^^^^^^^^^^^^^^^^^^^^^
  File "/home/dan/miniconda3/envs/danEnv/lib/python3.12/site-packages/pandas/io/json/_json.py", line 1187, in parse
    self._parse()
  File "/home/dan/miniconda3/envs/danEnv/lib/python3.12/site-packages/pandas/io/json/_json.py", line 1403, in _parse
    ujson_loads(json, precise_float=self.precise_float), dtype=None
    ^^^^^^^^^^^^^^^^^^^^^^^^^^^^^^^^^^^^^^^^^^^^^^^^^^^
ValueError: Expected object or value
